2025-02-25T00:36:57.637+05:30  INFO 6648 --- [UserOrchestrationAPI] [main] c.e.u.UserOrchestrationApiApplication    : Starting UserOrchestrationApiApplication using Java 21.0.6 with PID 6648 (C:\Users\user\IdeaProjects\UserOrchestrationAPI\target\classes started by user in C:\Users\user\IdeaProjects\UserOrchestrationAPI)
2025-02-25T00:36:57.642+05:30 DEBUG 6648 --- [UserOrchestrationAPI] [main] c.e.u.UserOrchestrationApiApplication    : Running with Spring Boot v3.2.2, Spring v6.1.3
2025-02-25T00:36:57.642+05:30  INFO 6648 --- [UserOrchestrationAPI] [main] c.e.u.UserOrchestrationApiApplication    : No active profile set, falling back to 1 default profile: "default"
2025-02-25T00:36:58.407+05:30  INFO 6648 --- [UserOrchestrationAPI] [main] .s.d.r.c.RepositoryConfigurationDelegate : Bootstrapping Spring Data JPA repositories in DEFAULT mode.
2025-02-25T00:36:58.469+05:30  INFO 6648 --- [UserOrchestrationAPI] [main] .s.d.r.c.RepositoryConfigurationDelegate : Finished Spring Data repository scanning in 51 ms. Found 1 JPA repository interface.
2025-02-25T00:36:58.952+05:30  INFO 6648 --- [UserOrchestrationAPI] [main] o.s.b.w.embedded.tomcat.TomcatWebServer  : Tomcat initialized with port 8080 (http)
2025-02-25T00:36:58.961+05:30  INFO 6648 --- [UserOrchestrationAPI] [main] o.apache.catalina.core.StandardService   : Starting service [Tomcat]
2025-02-25T00:36:58.963+05:30  INFO 6648 --- [UserOrchestrationAPI] [main] o.apache.catalina.core.StandardEngine    : Starting Servlet engine: [Apache Tomcat/10.1.18]
2025-02-25T00:36:59.018+05:30  INFO 6648 --- [UserOrchestrationAPI] [main] o.a.c.c.C.[Tomcat].[localhost].[/]       : Initializing Spring embedded WebApplicationContext
2025-02-25T00:36:59.018+05:30  INFO 6648 --- [UserOrchestrationAPI] [main] w.s.c.ServletWebServerApplicationContext : Root WebApplicationContext: initialization completed in 1306 ms
2025-02-25T00:36:59.052+05:30  INFO 6648 --- [UserOrchestrationAPI] [main] com.zaxxer.hikari.HikariDataSource       : HikariPool-1 - Starting...
2025-02-25T00:36:59.296+05:30  INFO 6648 --- [UserOrchestrationAPI] [main] com.zaxxer.hikari.pool.HikariPool        : HikariPool-1 - Added connection conn0: url=jdbc:h2:mem:testdb user=SA
2025-02-25T00:36:59.298+05:30  INFO 6648 --- [UserOrchestrationAPI] [main] com.zaxxer.hikari.HikariDataSource       : HikariPool-1 - Start completed.
2025-02-25T00:36:59.317+05:30  INFO 6648 --- [UserOrchestrationAPI] [main] o.s.b.a.h2.H2ConsoleAutoConfiguration    : H2 console available at '/h2-console'. Database available at 'jdbc:h2:mem:testdb'
2025-02-25T00:36:59.514+05:30  INFO 6648 --- [UserOrchestrationAPI] [main] o.hibernate.jpa.internal.util.LogHelper  : HHH000204: Processing PersistenceUnitInfo [name: default]
2025-02-25T00:36:59.612+05:30  INFO 6648 --- [UserOrchestrationAPI] [main] org.hibernate.Version                    : HHH000412: Hibernate ORM core version 6.4.1.Final
2025-02-25T00:36:59.657+05:30  INFO 6648 --- [UserOrchestrationAPI] [main] o.h.c.internal.RegionFactoryInitiator    : HHH000026: Second-level cache disabled
2025-02-25T00:36:59.925+05:30  INFO 6648 --- [UserOrchestrationAPI] [main] o.s.o.j.p.SpringPersistenceUnitInfo      : No LoadTimeWeaver setup: ignoring JPA class transformer
2025-02-25T00:36:59.982+05:30  WARN 6648 --- [UserOrchestrationAPI] [main] org.hibernate.orm.deprecation            : HHH90000025: H2Dialect does not need to be specified explicitly using 'hibernate.dialect' (remove the property setting and it will be selected by default)
2025-02-25T00:37:00.834+05:30  INFO 6648 --- [UserOrchestrationAPI] [main] o.h.e.t.j.p.i.JtaPlatformInitiator       : HHH000489: No JTA platform available (set 'hibernate.transaction.jta.platform' to enable JTA platform integration)
2025-02-25T00:37:00.870+05:30  INFO 6648 --- [UserOrchestrationAPI] [main] j.LocalContainerEntityManagerFactoryBean : Initialized JPA EntityManagerFactory for persistence unit 'default'
2025-02-25T00:37:01.112+05:30  INFO 6648 --- [UserOrchestrationAPI] [main] o.s.d.j.r.query.QueryEnhancerFactory     : Hibernate is in classpath; If applicable, HQL parser will be used.
2025-02-25T00:37:01.760+05:30  WARN 6648 --- [UserOrchestrationAPI] [main] JpaBaseConfiguration$JpaWebConfiguration : spring.jpa.open-in-view is enabled by default. Therefore, database queries may be performed during view rendering. Explicitly configure spring.jpa.open-in-view to disable this warning
2025-02-25T00:37:02.142+05:30  INFO 6648 --- [UserOrchestrationAPI] [main] o.s.b.w.embedded.tomcat.TomcatWebServer  : Tomcat started on port 8080 (http) with context path ''
2025-02-25T00:37:02.148+05:30  INFO 6648 --- [UserOrchestrationAPI] [main] c.e.u.UserOrchestrationApiApplication    : Started UserOrchestrationApiApplication in 4.971 seconds (process running for 5.854)
2025-02-25T00:37:03.953+05:30  INFO 6648 --- [UserOrchestrationAPI] [main] c.e.u.services.UserServiceImpl           : Successfully loaded 30 users into the database.
2025-02-25T00:37:03.953+05:30  INFO 6648 --- [UserOrchestrationAPI] [main] c.e.u.event.StartupEventListener         : API Data Fetched and Stored
2025-02-25T00:37:13.052+05:30  INFO 6648 --- [UserOrchestrationAPI] [http-nio-8080-exec-1] o.a.c.c.C.[Tomcat].[localhost].[/]       : Initializing Spring DispatcherServlet 'dispatcherServlet'
2025-02-25T00:37:13.053+05:30  INFO 6648 --- [UserOrchestrationAPI] [http-nio-8080-exec-1] o.s.web.servlet.DispatcherServlet        : Initializing Servlet 'dispatcherServlet'
2025-02-25T00:37:13.053+05:30  INFO 6648 --- [UserOrchestrationAPI] [http-nio-8080-exec-1] o.s.web.servlet.DispatcherServlet        : Completed initialization in 0 ms
2025-02-25T00:37:13.102+05:30  INFO 6648 --- [UserOrchestrationAPI] [http-nio-8080-exec-1] c.e.u.services.UserServiceImpl           : Searching users by prefix: l
2025-02-25T00:37:14.750+05:30  INFO 6648 --- [UserOrchestrationAPI] [http-nio-8080-exec-2] c.e.u.services.UserServiceImpl           : Fetching user by email: liam.garcia@x.dummyjson.com
2025-02-25T00:37:14.782+05:30  INFO 6648 --- [UserOrchestrationAPI] [http-nio-8080-exec-7] c.e.u.services.UserServiceImpl           : Fetching user by email: liam.garcia@x.dummyjson.com
2025-02-25T00:37:29.483+05:30  INFO 6648 --- [UserOrchestrationAPI] [SpringApplicationShutdownHook] j.LocalContainerEntityManagerFactoryBean : Closing JPA EntityManagerFactory for persistence unit 'default'
2025-02-25T00:37:29.494+05:30  INFO 6648 --- [UserOrchestrationAPI] [SpringApplicationShutdownHook] com.zaxxer.hikari.HikariDataSource       : HikariPool-1 - Shutdown initiated...
2025-02-25T00:37:29.496+05:30  INFO 6648 --- [UserOrchestrationAPI] [SpringApplicationShutdownHook] com.zaxxer.hikari.HikariDataSource       : HikariPool-1 - Shutdown completed.
